                                 Started job on |	Nov 30 05:19:00
                             Started mapping on |	Nov 30 05:19:28
                                    Finished on |	Nov 30 05:19:35
       Mapping speed, Million of reads per hour |	64.29

                          Number of input reads |	125000
                      Average input read length |	150
                                    UNIQUE READS:
                   Uniquely mapped reads number |	107362
                        Uniquely mapped reads % |	85.89%
                          Average mapped length |	145.82
                       Number of splices: Total |	10250
            Number of splices: Annotated (sjdb) |	9830
                       Number of splices: GT/AG |	10110
                       Number of splices: GC/AG |	49
                       Number of splices: AT/AC |	2
               Number of splices: Non-canonical |	89
                      Mismatch rate per base, % |	0.49%
                         Deletion rate per base |	0.01%
                        Deletion average length |	1.55
                        Insertion rate per base |	0.01%
                       Insertion average length |	1.65
                             MULTI-MAPPING READS:
        Number of reads mapped to multiple loci |	5332
             % of reads mapped to multiple loci |	4.27%
        Number of reads mapped to too many loci |	121
             % of reads mapped to too many loci |	0.10%
                                  UNMAPPED READS:
  Number of reads unmapped: too many mismatches |	0
       % of reads unmapped: too many mismatches |	0.00%
            Number of reads unmapped: too short |	12066
                 % of reads unmapped: too short |	9.65%
                Number of reads unmapped: other |	119
                     % of reads unmapped: other |	0.10%
                                  CHIMERIC READS:
                       Number of chimeric reads |	0
                            % of chimeric reads |	0.00%
