STAR version=2.7.9a
STAR compilation time,server,dir=2021-05-04T09:43:56-0400 vega:/home/dobin/data/STAR/STARcode/STAR.master/source
##### Command Line:
STAR --runThreadN 48 --outSAMtype BAM Unsorted --outFileNamePrefix /data/home/ec2-user/output/ --genomeDir /data/fsx/STAR/GRCh38 --readFilesIn /data//home/ec2-user/ea24f4fb-0295-49a0-8023-789ff9884f9e/SRR2557119_small.fastq
##### Initial USER parameters from Command Line:
outFileNamePrefix                 /data/home/ec2-user/output/
###### All USER parameters from Command Line:
runThreadN                    48     ~RE-DEFINED
outSAMtype                    BAM   Unsorted        ~RE-DEFINED
outFileNamePrefix             /data/home/ec2-user/output/     ~RE-DEFINED
genomeDir                     /data/fsx/STAR/GRCh38     ~RE-DEFINED
readFilesIn                   /data//home/ec2-user/ea24f4fb-0295-49a0-8023-789ff9884f9e/SRR2557119_small.fastq        ~RE-DEFINED
##### Finished reading parameters from all sources

##### Final user re-defined parameters-----------------:
runThreadN                        48
genomeDir                         /data/fsx/STAR/GRCh38
readFilesIn                       /data//home/ec2-user/ea24f4fb-0295-49a0-8023-789ff9884f9e/SRR2557119_small.fastq   
outFileNamePrefix                 /data/home/ec2-user/output/
outSAMtype                        BAM   Unsorted   

-------------------------------
##### Final effective command line:
STAR   --runThreadN 48   --genomeDir /data/fsx/STAR/GRCh38   --readFilesIn /data//home/ec2-user/ea24f4fb-0295-49a0-8023-789ff9884f9e/SRR2557119_small.fastq      --outFileNamePrefix /data/home/ec2-user/output/   --outSAMtype BAM   Unsorted   
----------------------------------------

Number of fastq files for each mate = 1
ParametersSolo: --soloCellFilterType CellRanger2.2 filtering parameters:  3000 0.99 10
Finished loading and checking parameters
Reading genome generation parameters:
### STAR   --runMode genomeGenerate      --runThreadN 96   --genomeDir ./genomedir   --genomeFastaFiles ./GCF_000001405.39_GRCh38.p13_genomic.fna      --sjdbGTFfile ./GCF_000001405.39_GRCh38.p13_genomic.gtf
### GstrandBit=32
versionGenome                 2.7.4a     ~RE-DEFINED
genomeType                    Full     ~RE-DEFINED
genomeFastaFiles              ./GCF_000001405.39_GRCh38.p13_genomic.fna        ~RE-DEFINED
genomeSAindexNbases           14     ~RE-DEFINED
genomeChrBinNbits             18     ~RE-DEFINED
genomeSAsparseD               1     ~RE-DEFINED
genomeTransformType           None     ~RE-DEFINED
genomeTransformVCF            -     ~RE-DEFINED
sjdbOverhang                  100     ~RE-DEFINED
sjdbFileChrStartEnd           -        ~RE-DEFINED
sjdbGTFfile                   ./GCF_000001405.39_GRCh38.p13_genomic.gtf     ~RE-DEFINED
sjdbGTFchrPrefix              -     ~RE-DEFINED
sjdbGTFfeatureExon            exon     ~RE-DEFINED
sjdbGTFtagExonParentTranscripttranscript_id     ~RE-DEFINED
sjdbGTFtagExonParentGene      gene_id     ~RE-DEFINED
sjdbInsertSave                Basic     ~RE-DEFINED
genomeFileSizes               3440621001   26263671443        ~RE-DEFINED
Genome version is compatible with current STAR
Number of real (reference) chromosomes= 639
1	NC_000001.11	248956422	0
2	NT_187361.1	175055	249036800
3	NT_187362.1	32032	249298944
4	NT_187363.1	127682	249561088
5	NT_187364.1	66860	249823232
6	NT_187365.1	40176	250085376
7	NT_187366.1	42210	250347520
8	NT_187367.1	176043	250609664
9	NT_187368.1	40745	250871808
10	NT_187369.1	41717	251133952
11	NC_000002.12	242193529	251396096
12	NT_187370.1	161471	493617152
13	NT_187371.1	153799	493879296
14	NC_000003.12	198295559	494141440
15	NT_167215.1	155397	692584448
16	NC_000004.12	190214555	692846592
17	NT_113793.3	209709	883163136
18	NC_000005.10	181538259	883425280
19	NT_113948.1	92689	1065091072
20	NC_000006.12	170805979	1065353216
21	NC_000007.14	159345973	1236271104
22	NC_000008.11	145138636	1395654656
23	NC_000009.12	138394717	1540882432
24	NT_187372.1	40062	1679294464
25	NT_187373.1	38054	1679556608
26	NT_187374.1	176845	1679818752
27	NT_187375.1	39050	1680080896
28	NC_000010.11	133797422	1680343040
29	NC_000011.10	135086622	1814298624
30	NT_187376.1	100316	1949564928
31	NC_000012.12	133275309	1949827072
32	NC_000013.11	114364328	2083258368
33	NC_000014.9	107043718	2197815296
34	NT_113796.3	201709	2305032192
35	NT_167219.1	211173	2305294336
36	NT_187377.1	194050	2305556480
37	NT_113888.1	191469	2305818624
38	NT_187378.1	38115	2306080768
39	NT_187379.1	39555	2306342912
40	NT_187380.1	172810	2306605056
41	NT_187381.1	43739	2306867200
42	NC_000015.10	101991189	2307129344
43	NT_187382.1	448248	2409365504
44	NC_000016.10	90338345	2409889792
45	NT_187383.1	1872759	2500329472
46	NC_000017.11	83257441	2502426624
47	NT_113930.2	185591	2585788416
48	NT_187384.1	280839	2586050560
49	NT_187385.1	112551	2586574848
50	NC_000018.10	80373285	2586836992
51	NC_000019.10	58617616	2667315200
52	NC_000020.11	64444167	2726035456
53	NC_000021.9	46709983	2790522880
54	NC_000022.11	50818468	2837446656
55	NT_187386.1	150754	2888302592
56	NT_187387.1	41543	2888564736
57	NT_187388.1	179772	2888826880
58	NT_187389.1	165050	2889089024
59	NT_187390.1	42811	2889351168
60	NT_187391.1	181920	2889613312
61	NT_187392.1	103838	2889875456
62	NT_187393.1	99375	2890137600
63	NT_187394.1	73985	2890399744
64	NC_000023.11	156040895	2890661888
65	NC_000024.10	57227415	3046899712
66	NT_187395.1	37240	3104309248
67	NT_187396.1	2274	3104571392
68	NT_187397.1	2165	3104833536
69	NT_187398.1	1942	3105095680
70	NT_187399.1	1472	3105357824
71	NT_187400.1	21476	3105619968
72	NT_187401.1	4416	3105882112
73	NT_187402.1	1201	3106144256
74	NT_187403.1	1444	3106406400
75	NT_187404.1	2276	3106668544
76	NT_187405.1	998	3106930688
77	NT_187406.1	12399	3107192832
78	NT_187407.1	37690	3107454976
79	NT_187408.1	1179	3107717120
80	NT_187409.1	2646	3107979264
81	NT_187410.1	2489	3108241408
82	NT_187411.1	1029	3108503552
83	NT_187412.1	2145	3108765696
84	NT_187413.1	2321	3109027840
85	NT_187414.1	2140	3109289984
86	NT_187415.1	2043	3109552128
87	NT_187416.1	1445	3109814272
88	NT_187417.1	981	3110076416
89	NT_187418.1	1884	3110338560
90	NT_187419.1	1361	3110600704
91	NT_187420.1	392061	3110862848
92	NT_187421.1	1233	3111387136
93	NT_187422.1	1774	3111649280
94	NT_187423.1	3920	3111911424
95	NT_187424.1	92983	3112173568
96	NT_187425.1	112505	3112435712
97	NT_187426.1	4055	3112697856
98	NT_187427.1	2415	3112960000
99	NT_187428.1	2318	3113222144
100	NT_187429.1	2186	3113484288
101	NT_187430.1	1951	3113746432
102	NT_187431.1	1300	3114008576
103	NT_187432.1	22689	3114270720
104	NT_187433.1	138126	3114532864
105	NT_187434.1	5674	3114795008
106	NT_187435.1	8127	3115057152
107	NT_187436.1	6361	3115319296
108	NT_187437.1	5353	3115581440
109	NT_187438.1	3253	3115843584
110	NT_187439.1	1899	3116105728
111	NT_187440.1	2983	3116367872
112	NT_187441.1	2168	3116630016
113	NT_187442.1	993	3116892160
114	NT_187443.1	91309	3117154304
115	NT_187444.1	1202	3117416448
116	NT_187445.1	1599	3117678592
117	NT_187446.1	1400	3117940736
118	NT_187447.1	2969	3118202880
119	NT_187448.1	1553	3118465024
120	NT_187449.1	7046	3118727168
121	NT_187450.1	31033	3118989312
122	NT_187451.1	44474	3119251456
123	NT_187452.1	4685	3119513600
124	NT_187453.1	4513	3119775744
125	NT_187454.1	6504	3120037888
126	NT_187455.1	6158	3120300032
127	NT_187456.1	3041	3120562176
128	NT_187457.1	5796	3120824320
129	NT_187458.1	1652	3121086464
130	NT_187459.1	1040	3121348608
131	NT_187460.1	1368	3121610752
132	NT_187461.1	2699	3121872896
133	NT_187462.1	1048	3122135040
134	NT_187463.1	1428	3122397184
135	NT_187464.1	1428	3122659328
136	NT_187465.1	1026	3122921472
137	NT_187466.1	1121	3123183616
138	NT_187467.1	1803	3123445760
139	NT_187468.1	2855	3123707904
140	NT_187469.1	3530	3123970048
141	NT_187470.1	8320	3124232192
142	NT_187471.1	1048	3124494336
143	NT_187472.1	1045	3124756480
144	NT_187473.1	1298	3125018624
145	NT_187474.1	2387	3125280768
146	NT_187475.1	1537	3125542912
147	NT_187476.1	1143	3125805056
148	NT_187477.1	1880	3126067200
149	NT_187478.1	1216	3126329344
150	NT_187479.1	970	3126591488
151	NT_187480.1	1788	3126853632
152	NT_187481.1	1484	3127115776
153	NT_187482.1	1750	3127377920
154	NT_187483.1	1308	3127640064
155	NT_187484.1	1658	3127902208
156	NT_187485.1	971	3128164352
157	NT_187486.1	1930	3128426496
158	NT_187487.1	990	3128688640
159	NT_187488.1	4215	3128950784
160	NT_187489.1	1136	3129212928
161	NT_187490.1	2656	3129475072
162	NT_187491.1	1650	3129737216
163	NT_187492.1	1451	3129999360
164	NT_187493.1	2378	3130261504
165	NT_187494.1	2805	3130523648
166	NT_187495.1	7992	3130785792
167	NT_187496.1	7642	3131047936
168	NT_113901.1	182896	3131310080
169	NT_167213.1	179198	3131572224
170	NT_167214.1	161802	3131834368
171	NT_167218.1	179693	3132096512
172	NT_187497.1	157432	3132358656
173	NT_167220.1	15008	3132620800
174	NT_167208.1	164239	3132882944
175	NT_187498.1	210658	3133145088
176	NT_187499.1	168472	3133407232
177	NT_187500.1	41891	3133669376
178	NT_187501.1	66486	3133931520
179	NT_187502.1	198735	3134193664
180	NT_187503.1	93321	3134455808
181	NT_187504.1	158759	3134717952
182	NT_187505.1	148850	3134980096
183	NT_187506.1	150742	3135242240
184	NT_187508.1	62944	3135504384
185	NT_187509.1	40191	3135766528
186	NT_187510.1	36723	3136028672
187	NT_187511.1	79590	3136290816
188	NT_187512.1	71251	3136552960
189	NT_167209.1	137718	3136815104
190	NT_187513.1	186739	3137077248
191	NT_167211.2	176608	3137339392
192	NT_113889.1	161147	3137601536
193	NW_012132914.1	467143	3137863680
194	NW_015495298.1	278659	3138387968
195	NW_011332688.1	305542	3138912256
196	NW_014040926.1	349938	3139436544
197	NW_009646195.1	166200	3139960832
198	NW_018654706.1	166136	3140222976
199	NW_019805487.1	44955	3140485120
200	NW_009646194.1	186494	3140747264
201	NW_018654707.1	140355	3141009408
202	NW_014040925.1	141019	3141271552
203	NW_017852928.1	551020	3141533696
204	NW_009646196.1	122022	3142320128
205	NW_011332687.1	460100	3142582272
206	NW_018654708.1	330031	3143106560
207	NW_014040927.1	212205	3143630848
208	NW_021159988.1	84043	3143892992
209	NW_012132915.1	481245	3144155136
210	NW_018654709.1	181658	3144679424
211	NW_015495299.1	535088	3144941568
212	NW_018654710.1	140361	3145728000
213	NW_011332690.1	365499	3145990144
214	NW_021159987.1	145975	3146514432
215	NW_011332689.1	208149	3146776576
216	NW_017363813.1	411654	3147038720
217	NW_009646197.1	451168	3147563008
218	NW_012132916.1	373699	3148087296
219	NW_011332691.1	415308	3148611584
220	NW_021159989.1	215443	3149135872
221	NW_018654711.1	175849	3149398016
222	NW_012132917.1	165718	3149660160
223	NW_009646198.1	305979	3149922304
224	NW_019805491.1	105527	3150446592
225	NW_019805492.1	195063	3150708736
226	NW_019805490.1	302885	3150970880
227	NW_019805489.1	197752	3151495168
228	NW_019805488.1	164041	3151757312
229	NW_021159990.1	235734	3152019456
230	NW_021159993.1	176674	3152281600
231	NW_013171799.1	90922	3152543744
232	NW_021159992.1	53476	3152805888
233	NW_021159994.1	125549	3153068032
234	NW_021159991.1	341066	3153330176
235	NW_021159995.1	276109	3153854464
236	NW_013171800.1	163749	3154378752
237	NW_013171801.1	236512	3154640896
238	NW_017363814.1	420675	3154903040
239	NW_015495300.1	230434	3155427328
240	NW_015495301.1	205407	3155689472
241	NW_018654712.1	135987	3155951616
242	NW_009646199.1	139087	3156213760
243	NW_016107297.1	362221	3156475904
244	NW_021159996.1	89956	3157000192
245	NW_016107298.1	673059	3157262336
246	NW_018654713.1	242796	3158048768
247	NW_013171803.1	82315	3158310912
248	NW_012132918.1	320750	3158573056
249	NW_009646200.1	268330	3159097344
250	NW_013171802.1	245716	3159621632
251	NW_017363815.1	139427	3159883776
252	NW_021159997.1	73265	3160145920
253	NW_021159998.1	254759	3160408064
254	NW_019805493.1	172555	3160670208
255	NW_017852929.1	142129	3160932352
256	NW_017852930.1	468267	3161194496
257	NW_018654714.1	589656	3161718784
258	NW_018654715.1	680662	3162505216
259	NW_012132919.1	179932	3163291648
260	NW_018654717.1	6367528	3163553792
261	NW_017852932.1	265876	3170107392
262	NW_017852931.1	156998	3170631680
263	NW_019805494.1	103072	3170893824
264	NW_018654716.1	165120	3171155968
265	NW_013171804.1	163882	3171418112
266	NW_013171805.1	134099	3171680256
267	NW_009646201.1	330164	3171942400
268	NW_021159999.1	25408	3172466688
269	NW_021160000.1	454963	3172728832
270	NW_011332694.1	420164	3173253120
271	NW_021160001.1	292944	3173777408
272	NW_013171806.1	185507	3174301696
273	NW_009646202.1	277797	3174563840
274	NW_013171807.1	264545	3175088128
275	NW_011332693.1	85284	3175612416
276	NW_011332692.1	14347	3175874560
277	NW_015148966.1	196940	3176136704
278	NW_021160004.1	270122	3176398848
279	NW_011332695.1	203552	3176923136
280	NW_021160006.1	170928	3177185280
281	NW_019805496.1	279644	3177447424
282	NW_019805495.1	305244	3177971712
283	NW_017363816.1	140877	3178496000
284	NW_019805498.1	181167	3178758144
285	NW_021160005.1	217075	3179020288
286	NW_021160003.1	165419	3179282432
287	NW_019805497.1	301637	3179544576
288	NW_013171808.1	181958	3180068864
289	NW_021160002.1	45257	3180331008
290	NW_009646203.1	108875	3180593152
291	NW_013171809.1	109323	3180855296
292	NW_018654718.1	1046838	3181117440
293	NW_021160008.1	192531	3182166016
294	NW_011332696.1	541038	3182428160
295	NW_009646204.1	211377	3183214592
296	NW_018654720.1	174808	3183476736
297	NW_015148967.1	315610	3183738880
298	NW_018654719.1	64689	3184263168
299	NW_011332697.1	86533	3184525312
300	NW_019805499.1	154139	3184787456
301	NW_021160007.1	297568	3185049600
302	NW_021160012.1	409912	3185573888
303	NW_011332699.1	356766	3186098176
304	NW_013171810.1	168146	3186622464
305	NW_021160009.1	7309	3186884608
306	NW_009646205.1	35455	3187146752
307	NW_011332700.1	148762	3187408896
308	NW_013171811.1	123480	3187671040
309	NW_021160010.1	158944	3187933184
310	NW_021160011.1	65394	3188195328
311	NW_011332698.1	206320	3188457472
312	NW_021160013.1	399183	3188719616
313	NW_018654722.1	690932	3189243904
314	NW_021160014.1	264228	3190030336
315	NW_018654721.1	171798	3190554624
316	NW_011332701.1	4998962	3190816768
317	NW_021160018.1	396515	3196059648
318	NW_021160017.1	5500449	3196583936
319	NW_012132920.1	2365364	3202088960
320	NW_021160016.1	369264	3204710400
321	NW_021160015.1	97763	3205234688
322	NW_013171812.1	59016	3205496832
323	NW_019805500.1	480415	3205758976
324	NW_017852933.1	1927115	3206283264
325	NW_021160019.1	270967	3208380416
326	NW_013171813.1	267463	3208904704
327	NW_018654723.1	78609	3209428992
328	NW_012132921.1	169136	3209691136
329	NW_017363817.1	281919	3209953280
330	NW_021160020.1	137908	3210477568
331	NW_016107299.1	154723	3210739712
332	NW_017363819.1	276292	3211001856
333	NW_017363818.1	246895	3211526144
334	NW_019805501.1	116753	3211788288
335	NW_021160021.1	56695	3212050432
336	NW_019805503.1	163186	3212312576
337	NW_014040928.1	205101	3212574720
338	NW_019805502.1	230843	3212836864
339	NW_013171814.1	407387	3213099008
340	NW_018654724.1	93070	3213623296
341	NW_021160022.1	493165	3213885440
342	NW_014040929.1	405389	3214409728
343	NW_009646206.1	370917	3214934016
344	NW_016107300.1	163926	3215458304
345	NW_016107301.1	170206	3215720448
346	NW_016107302.1	168131	3215982592
347	NW_016107303.1	293522	3216244736
348	NW_016107304.1	241058	3216769024
349	NW_016107305.1	159285	3217031168
350	NW_016107306.1	178197	3217293312
351	NW_016107307.1	166713	3217555456
352	NW_016107308.1	99845	3217817600
353	NW_016107309.1	161095	3218079744
354	NW_016107310.1	223118	3218341888
355	NW_016107311.1	100553	3218604032
356	NW_016107313.1	171263	3218866176
357	NW_016107314.1	145691	3219128320
358	NW_016107312.1	156965	3219390464
359	NW_021160023.1	519485	3219652608
360	NW_021160026.1	412368	3220176896
361	NW_021160024.1	461303	3220701184
362	NW_009646207.1	156562	3221225472
363	NW_014040930.1	155930	3221487616
364	NW_014040931.1	174749	3221749760
365	NW_009646208.1	153027	3222011904
366	NW_015148968.1	145162	3222274048
367	NW_021160025.1	12295	3222536192
368	NW_015148969.1	101037	3222798336
369	NW_017363820.1	188004	3223060480
370	NW_021160031.1	17435	3223322624
371	NW_021160028.1	28824	3223584768
372	NW_021160029.1	68192	3223846912
373	NW_021160027.1	403128	3224109056
374	NW_021160030.1	14678	3224633344
375	NW_018654725.1	48370	3224895488
376	NW_018654726.1	209722	3225157632
377	NW_009646209.1	101150	3225419776
378	NT_187515.1	354444	3225681920
379	NT_187517.1	256271	3226206208
380	NT_187514.1	109528	3226468352
381	NT_187520.1	185285	3226730496
382	NW_003315905.1	182439	3226992640
383	NW_003315906.1	110268	3227254784
384	NW_003315907.2	366580	3227516928
385	NT_187521.1	50258	3228041216
386	NT_187519.1	911658	3228303360
387	NT_187516.1	425601	3229351936
388	NT_187518.1	165834	3229876224
389	NT_187525.1	136240	3230138368
390	NT_187526.1	70887	3230400512
391	NT_187529.1	223625	3230662656
392	NT_187522.1	120616	3230924800
393	NW_003315908.1	143390	3231186944
394	NT_187524.1	133041	3231449088
395	NT_187531.1	138019	3231711232
396	NT_187530.1	110395	3231973376
397	NT_187528.1	110099	3232235520
398	NW_003571033.2	96131	3232497664
399	NW_003315909.1	123821	3232759808
400	NT_187527.1	174166	3233021952
401	NT_187523.1	161578	3233284096
402	NW_003871060.2	173151	3233546240
403	NT_187535.1	109187	3233808384
404	NT_187537.1	224108	3234070528
405	NW_003315913.1	180671	3234332672
406	NT_187533.1	173649	3234594816
407	NT_187536.1	248252	3234856960
408	NT_187538.1	113034	3235119104
409	NT_187532.1	205312	3235381248
410	NT_187534.1	162429	3235643392
411	NT_187539.1	184404	3235905536
412	NT_187540.1	220246	3236167680
413	NW_003315915.1	376187	3236429824
414	NT_187541.1	111943	3236954112
415	NT_167250.2	586476	3237216256
416	NT_187544.1	158965	3238002688
417	NW_003315914.1	164536	3238264832
418	NT_187542.1	119912	3238526976
419	NT_187545.1	205944	3238789120
420	NT_187543.1	244096	3239051264
421	NT_187550.1	126136	3239313408
422	NT_187548.1	179043	3239575552
423	NT_187547.1	195710	3239837696
424	NW_003315920.1	82728	3240099840
425	NW_003571036.1	226852	3240361984
426	NT_187551.1	164558	3240624128
427	NW_003315917.2	1612928	3240886272
428	NW_003315918.1	101241	3242721280
429	NT_187549.1	172708	3242983424
430	NW_003315919.1	173459	3243245568
431	NT_187546.1	131892	3243507712
432	NT_167244.2	4672374	3243769856
433	NT_187555.1	175808	3248488448
434	NT_187554.1	152148	3248750592
435	NW_003315921.1	124736	3249012736
436	NT_187556.1	870480	3249274880
437	NT_187557.1	75005	3250323456
438	NW_004166862.2	185823	3250585600
439	NT_187552.1	197536	3250847744
440	NT_187553.1	271782	3251109888
441	NT_187558.1	157952	3251634176
442	NT_187561.1	209586	3251896320
443	NT_187559.1	158166	3252158464
444	NW_003315922.2	119183	3252420608
445	NT_187562.1	1111570	3252682752
446	NT_187564.1	271455	3253993472
447	NT_187563.1	126434	3254517760
448	NT_187560.1	209988	3254779904
449	NT_187572.1	145606	3255042048
450	NT_187568.1	282736	3255304192
451	NT_187565.1	292436	3255828480
452	NT_187576.1	985506	3256352768
453	NT_187570.1	300230	3257401344
454	NT_187577.1	624492	3257925632
455	NT_187566.1	141812	3258712064
456	NT_187567.1	374415	3258974208
457	NT_187574.1	133535	3259498496
458	NT_187575.1	36640	3259760640
459	NT_187573.1	158983	3260022784
460	NT_187571.1	305841	3260284928
461	NT_187569.1	132244	3260809216
462	NW_003315928.1	162988	3261071360
463	NW_003315929.1	71551	3261333504
464	NW_003315930.1	171286	3261595648
465	NW_003315931.1	60032	3261857792
466	NT_187578.1	439082	3262119936
467	NW_003315934.1	179254	3262644224
468	NT_187579.1	181496	3262906368
469	NW_003315935.1	309802	3263168512
470	NT_187580.1	188315	3263692800
471	NT_187586.1	210133	3263954944
472	NT_187584.1	177092	3264217088
473	NT_187585.1	296895	3264479232
474	NT_187583.1	204059	3265003520
475	NW_003315936.1	154407	3265265664
476	NW_003871073.1	200998	3265527808
477	NW_003871074.1	191409	3265789952
478	NT_187582.1	67707	3266052096
479	NT_187581.1	186169	3266314240
480	NW_003571049.1	167313	3266576384
481	NW_003571050.1	408271	3266838528
482	NT_187588.1	40090	3267362816
483	NW_003315938.1	120804	3267624960
484	NT_187587.1	238139	3267887104
485	NW_003315939.2	169178	3268149248
486	NW_003315941.1	138655	3268411392
487	NW_003315942.2	152874	3268673536
488	NT_187590.1	119498	3268935680
489	NW_003315940.1	184319	3269197824
490	NT_187589.1	76061	3269459968
491	NT_187591.1	56134	3269722112
492	NT_187594.1	191684	3269984256
493	NT_187593.1	180306	3270246400
494	NT_187597.1	103832	3270508544
495	NT_187595.1	169134	3270770688
496	NT_187592.1	306913	3271032832
497	NT_187596.1	37287	3271557120
498	NT_187598.1	322166	3271819264
499	NT_187601.1	1511111	3272343552
500	NT_187599.1	180703	3273916416
501	NT_187600.1	1351393	3274178560
502	NT_187602.1	478999	3275751424
503	NT_187604.1	263054	3276275712
504	NT_187603.1	327382	3276800000
505	NW_003315943.1	296527	3277324288
506	NT_187605.1	244917	3277848576
507	NW_003315944.2	388773	3278110720
508	NT_187606.1	430880	3278635008
509	NT_187610.1	134193	3279159296
510	NT_187609.1	63982	3279421440
511	NT_187608.1	232857	3279683584
512	NT_187607.1	2659700	3279945728
513	NW_003315945.1	192462	3282829312
514	NW_003315946.1	89672	3283091456
515	NW_003315952.3	375691	3283353600
516	NT_187613.1	391357	3283877888
517	NT_187611.1	196688	3284402176
518	NT_187614.1	2877074	3284664320
519	NW_003871091.1	278131	3287547904
520	NW_003871092.1	70345	3288072192
521	NW_003315953.2	133151	3288334336
522	NT_167251.2	1821992	3288596480
523	NW_003315954.1	223995	3290431488
524	NT_187615.1	235827	3290693632
525	NT_187616.1	108763	3290955776
526	NW_003315955.1	90219	3291217920
527	NT_187612.1	178921	3291480064
528	NT_187618.1	111737	3291742208
529	NW_003315956.1	289831	3292004352
530	NW_003315959.1	164789	3292528640
531	NW_003315960.1	198278	3292790784
532	NW_003315957.1	104552	3293052928
533	NW_003315958.1	167950	3293315072
534	NW_003315961.1	159547	3293577216
535	NT_187617.1	167999	3293839360
536	NT_187622.1	61734	3294101504
537	NT_187621.1	52969	3294363648
538	NW_003315962.1	385657	3294625792
539	NW_003315964.2	170222	3295150080
540	NW_003315965.1	188024	3295412224
541	NW_003315963.1	155864	3295674368
542	NT_187619.1	43156	3295936512
543	NT_187620.1	233762	3296198656
544	NW_003571054.1	987716	3296460800
545	NW_003315966.2	128386	3297509376
546	NT_187623.1	118774	3297771520
547	NT_187625.1	58661	3298033664
548	NT_187624.1	183433	3298295808
549	NW_003315967.2	63917	3298557952
550	NT_187628.1	166743	3298820096
551	NT_187627.1	143900	3299082240
552	NW_003315968.2	201197	3299344384
553	NW_003315969.2	74653	3299606528
554	NW_003315970.2	116689	3299868672
555	NT_187626.1	82692	3300130816
556	NT_187629.1	259914	3300392960
557	NT_187632.1	186262	3300655104
558	NT_187633.1	304135	3300917248
559	NT_187630.1	263666	3301441536
560	NT_187631.1	101331	3301965824
561	NW_003315972.2	96924	3302227968
562	NW_003315971.2	162811	3302490112
563	NT_187634.1	284869	3302752256
564	NT_187635.1	144206	3303276544
565	NT_187646.1	162212	3303538688
566	NT_187648.1	214158	3303800832
567	NT_187647.1	161218	3304062976
568	NT_187649.1	162896	3304325120
569	NT_187650.1	378547	3304587264
570	NT_187651.1	1144418	3305111552
571	NT_187652.1	130957	3306422272
572	NT_113891.3	4795265	3306684416
573	NT_187653.1	190869	3311665152
574	NT_187655.1	136959	3311927296
575	NT_187654.1	318687	3312189440
576	NT_187656.1	106711	3312713728
577	NT_187657.1	214625	3312975872
578	NT_187658.1	572349	3313238016
579	NT_187659.1	196384	3314024448
580	NT_187660.1	5161414	3314286592
581	NT_187662.1	137721	3319529472
582	NT_187664.1	157099	3319791616
583	NT_187661.1	325800	3320053760
584	NW_003871093.1	88070	3320578048
585	NT_187663.1	1423190	3320840192
586	NT_187665.1	174061	3322413056
587	NT_187666.1	157710	3322675200
588	NW_003571055.2	729520	3322937344
589	NW_004504305.1	74013	3323723776
590	NT_187667.1	274009	3323985920
591	NT_187678.1	166540	3324510208
592	NT_187679.1	555799	3324772352
593	NT_167245.2	4604811	3325558784
594	NT_187680.1	229282	3330277376
595	NT_187681.1	218612	3330539520
596	NW_003571056.2	1064304	3330801664
597	NT_187682.1	176103	3332112384
598	NT_187688.1	163458	3332374528
599	NT_167246.2	4677643	3332636672
600	NW_003571057.2	1091841	3337355264
601	NT_187689.1	197351	3338665984
602	NT_167247.2	4827813	3338928128
603	NW_003571058.2	1066390	3343908864
604	NT_187690.1	164170	3345219584
605	NT_167248.2	4606388	3345481728
606	NW_003571059.2	1002683	3350200320
607	NT_187691.1	165607	3351248896
608	NT_167249.2	4929269	3351511040
609	NW_003571060.1	987100	3356491776
610	NT_187692.1	76752	3357540352
611	NW_003571061.2	796479	3357802496
612	NT_187693.1	1066800	3358851072
613	NT_187636.1	248807	3360161792
614	NT_187637.1	170399	3360423936
615	NT_187638.1	157053	3360686080
616	NT_187639.1	171027	3360948224
617	NT_187640.1	204239	3361210368
618	NT_187641.1	209512	3361472512
619	NT_187642.1	155532	3361734656
620	NT_187643.1	170698	3361996800
621	NT_187644.1	184499	3362258944
622	NT_187645.1	170680	3362521088
623	NT_187668.1	205194	3362783232
624	NT_187669.1	170665	3363045376
625	NT_187670.1	184516	3363307520
626	NT_187671.1	190932	3363569664
627	NT_187672.1	123111	3363831808
628	NT_187673.1	170701	3364093952
629	NT_187674.1	198005	3364356096
630	NT_187675.1	282224	3364618240
631	NT_187676.1	187935	3365142528
632	NT_187677.1	189352	3365404672
633	NT_187683.1	186203	3365666816
634	NT_187684.1	200773	3365928960
635	NT_187685.1	170148	3366191104
636	NT_187686.1	215732	3366453248
637	NT_187687.1	170537	3366715392
638	NT_113949.2	177381	3366977536
639	NC_012920.1	16569	3367239680
--sjdbOverhang = 100 taken from the generated genome
Started loading the genome: Wed Nov 30 05:19:00 2022

Genome: size given as a parameter = 3440621001
SA: size given as a parameter = 26263671443
SAindex: size given as a parameter = 1
Read from SAindex: pGe.gSAindexNbases=14  nSAi=357913940
nGenome=3440621001;  nSAbyte=26263671443
GstrandBit=32   SA number of indices=6366950652
Shared memory is not used for genomes. Allocated a private copy of the genome.
Genome file size: 3440621001 bytes; state: good=1 eof=0 fail=0 bad=0
Loading Genome ... done! state: good=1 eof=0 fail=0 bad=0; loaded 3440621001 bytes
SA file size: 26263671443 bytes; state: good=1 eof=0 fail=0 bad=0
Loading SA ... done! state: good=1 eof=0 fail=0 bad=0; loaded 26263671443 bytes
Loading SAindex ... done: 1565873619 bytes
Finished loading the genome: Wed Nov 30 05:19:28 2022

Processing splice junctions database sjdbN=363777,   pGe.sjdbOverhang=100 
alignIntronMax=alignMatesGapMax=0, the max intron size will be approximately determined by (2^winBinNbits)*winAnchorDistNbins=589824
Created thread # 1
Created thread # 2
Created thread # 3
Created thread # 4
Created thread # 5
Created thread # 6
Created thread # 7
Created thread # 8
Created thread # 9
Created thread # 10
Created thread # 11
Created thread # 12
Created thread # 13
Created thread # 14
Created thread # 15
Created thread # 16
Created thread # 17
Created thread # 18
Created thread # 19
Created thread # 20
Created thread # 21
Created thread # 22
Created thread # 23
Created thread # 24
Created thread # 25
Created thread # 26
Created thread # 27
Created thread # 28
Created thread # 29
Created thread # 30
Created thread # 31
Created thread # 32
Created thread # 33
Created thread # 34
Created thread # 35
Created thread # 36
Created thread # 37
Created thread # 38
Created thread # 39
Created thread # 40
Created thread # 41
Created thread # 42
Created thread # 43
Created thread # 44
Created thread # 45
Created thread # 46
Created thread # 47
Thread #2 end of input stream, nextChar=-1
Completed: thread #3
Completed: thread #4
Completed: thread #5
Completed: thread #6
Completed: thread #7
Completed: thread #8
Completed: thread #9
Completed: thread #10
Completed: thread #11
Completed: thread #12
Completed: thread #13
Completed: thread #14
Completed: thread #15
Completed: thread #16
Completed: thread #17
Completed: thread #18
Completed: thread #19
Completed: thread #20
Completed: thread #21
Completed: thread #22
Completed: thread #23
Completed: thread #24
Completed: thread #25
Completed: thread #26
Completed: thread #27
Completed: thread #28
Completed: thread #29
Completed: thread #30
Completed: thread #31
Completed: thread #32
Completed: thread #33
Completed: thread #34
Completed: thread #35
Completed: thread #36
Completed: thread #37
Completed: thread #38
Completed: thread #39
Completed: thread #40
Completed: thread #41
Completed: thread #42
Completed: thread #43
Completed: thread #44
Completed: thread #45
Completed: thread #46
Completed: thread #0
Completed: thread #47
Completed: thread #2
Completed: thread #1
Joined thread # 1
Joined thread # 2
Joined thread # 3
Joined thread # 4
Joined thread # 5
Joined thread # 6
Joined thread # 7
Joined thread # 8
Joined thread # 9
Joined thread # 10
Joined thread # 11
Joined thread # 12
Joined thread # 13
Joined thread # 14
Joined thread # 15
Joined thread # 16
Joined thread # 17
Joined thread # 18
Joined thread # 19
Joined thread # 20
Joined thread # 21
Joined thread # 22
Joined thread # 23
Joined thread # 24
Joined thread # 25
Joined thread # 26
Joined thread # 27
Joined thread # 28
Joined thread # 29
Joined thread # 30
Joined thread # 31
Joined thread # 32
Joined thread # 33
Joined thread # 34
Joined thread # 35
Joined thread # 36
Joined thread # 37
Joined thread # 38
Joined thread # 39
Joined thread # 40
Joined thread # 41
Joined thread # 42
Joined thread # 43
Joined thread # 44
Joined thread # 45
Joined thread # 46
Joined thread # 47
ALL DONE!
